<?xml version="1.0" encoding="UTF-8"?>
<!-- Generated by org.testng.reporters.JUnitReportReporter -->
<testsuite hostname="ELECEED" failures="0" tests="2" name="tests.TestsExamples" time="2.789" errors="0" timestamp="2024-05-07T14:18:45 IST" skipped="0">
  <testcase classname="tests.TestsExamples" name="test2" time="0.620"/>
  <testcase classname="tests.TestsExamples" name="test1" time="2.169"/>
</testsuite> <!-- tests.TestsExamples -->
