<?xml version="1.0" encoding="UTF-8"?>
<!-- Generated by org.testng.reporters.JUnitReportReporter -->
<testsuite hostname="ELECEED" failures="0" tests="3" name="tests.PutPatchDelete" time="2.705" errors="0" timestamp="2024-05-09T14:42:20 IST" skipped="0">
  <testcase classname="tests.PutPatchDelete" name="testDelete" time="1.838"/>
  <testcase classname="tests.PutPatchDelete" name="testPut" time="0.366"/>
  <testcase classname="tests.PutPatchDelete" name="testPatch" time="0.501"/>
</testsuite> <!-- tests.PutPatchDelete -->
