<?xml version="1.0" encoding="UTF-8"?>
<!-- Generated by org.testng.reporters.JUnitReportReporter -->
<testsuite hostname="ELECEED" failures="0" tests="1" name="myTestsList.SendFileTest" time="5.012" errors="0" timestamp="2024-06-01T00:08:15 IST" skipped="0">
  <testcase classname="myTestsList.SendFileTest" name="GeTest1" time="5.012"/>
</testsuite> <!-- myTestsList.SendFileTest -->
