<?xml version="1.0" encoding="UTF-8"?>
<!-- Generated by org.testng.reporters.JUnitReportReporter -->
<testsuite hostname="ELECEED" failures="0" tests="1" name="tests.ValidateJSONSchema" time="1.956" errors="0" timestamp="2024-05-07T21:20:57 IST" skipped="0">
  <testcase classname="tests.ValidateJSONSchema" name="GetTest2" time="1.956"/>
</testsuite> <!-- tests.ValidateJSONSchema -->
