<?xml version="1.0" encoding="UTF-8"?>
<!-- Generated by org.testng.reporters.JUnitReportReporter -->
<testsuite hostname="ELECEED" failures="0" tests="3" name="myTestsList.TestReqSpecification" time="3.674" errors="0" timestamp="2024-06-01T12:08:16 IST" skipped="0">
  <testcase classname="myTestsList.TestReqSpecification" name="getData" time="3.293"/>
  <testcase classname="myTestsList.TestReqSpecification" name="test_without" time="0.141"/>
  <testcase classname="myTestsList.TestReqSpecification" name="test_with" time="0.240"/>
</testsuite> <!-- myTestsList.TestReqSpecification -->
