<?xml version="1.0" encoding="UTF-8"?>
<!-- Generated by org.testng.reporters.JUnitReportReporter -->
<testsuite hostname="ELECEED" failures="0" tests="3" name="tests.GetAndPostExamples" time="3.719" errors="0" timestamp="2024-05-07T16:00:15 IST" skipped="0">
  <testcase classname="tests.GetAndPostExamples" name="testPost" time="0.505"/>
  <testcase classname="tests.GetAndPostExamples" name="test1" time="2.292"/>
  <testcase classname="tests.GetAndPostExamples" name="test2" time="0.922"/>
</testsuite> <!-- tests.GetAndPostExamples -->
